  Dungeon.cpp
C:\Program Files\Microsoft Visual Studio\2022\Community\VC\Tools\MSVC\14.38.33130\include\xmemory(723,82): error C2512: 'Room::Room': no appropriate default constructor available
  (compiling source file 'Dungeon.cpp')
  C:\Program Files\Microsoft Visual Studio\2022\Community\VC\Tools\MSVC\14.38.33130\include\xmemory(723,82):
  while trying to match the argument list '()'
  C:\Program Files\Microsoft Visual Studio\2022\Community\VC\Tools\MSVC\14.38.33130\include\xmemory(723,82):
  the template instantiation context (the oldest one first) is
  	M:\Work\BUAS\Projects\Cpp\TheTimeDungeons\TheTimeDungeons\Dungeon.cpp(4,43):
  	see reference to class template instantiation 'std::vector<Room,std::allocator<Room>>' being compiled
  	C:\Program Files\Microsoft Visual Studio\2022\Community\VC\Tools\MSVC\14.38.33130\include\vector(616,5):
  	while compiling class template member function 'std::vector<Room,std::allocator<Room>>::vector(const unsigned __int64,const _Alloc &)'
          with
          [
              _Alloc=std::allocator<Room>
          ]
  		M:\Work\BUAS\Projects\Cpp\TheTimeDungeons\TheTimeDungeons\Dungeon.cpp(4,17):
  		see the first reference to 'std::vector<Room,std::allocator<Room>>::vector' in 'Dungeon::Dungeon'
  	C:\Program Files\Microsoft Visual Studio\2022\Community\VC\Tools\MSVC\14.38.33130\include\vector(618,9):
  	see reference to function template instantiation 'void std::vector<Room,std::allocator<Room>>::_Construct_n<>(const unsigned __int64)' being compiled
  	C:\Program Files\Microsoft Visual Studio\2022\Community\VC\Tools\MSVC\14.38.33130\include\vector(2077,36):
  	see reference to function template instantiation 'Room *std::_Uninitialized_value_construct_n<std::allocator<Room>>(Room *,unsigned __int64,_Alloc &)' being compiled
          with
          [
              _Alloc=std::allocator<Room>
          ]
  	C:\Program Files\Microsoft Visual Studio\2022\Community\VC\Tools\MSVC\14.38.33130\include\xmemory(2041,17):
  	see reference to function template instantiation 'void std::_Uninitialized_backout_al<std::allocator<Room>>::_Emplace_back<>(void)' being compiled
  	C:\Program Files\Microsoft Visual Studio\2022\Community\VC\Tools\MSVC\14.38.33130\include\xmemory(1801,35):
  	see reference to function template instantiation 'void std::_Default_allocator_traits<_Alloc>::construct<_Ty,>(_Alloc &,_Objty *const )' being compiled
          with
          [
              _Alloc=std::allocator<Room>,
              _Ty=Room,
              _Objty=Room
          ]
  
  Game.cpp
  main.cpp
  Player.cpp
  Room.cpp
  Generating Code...
