m:\work\buas\projects\cpp\thetimedungeons\thetimedungeons\x64\debug\vc143.pdb
m:\work\buas\projects\cpp\thetimedungeons\thetimedungeons\x64\debug\vc143.idb
m:\work\buas\projects\cpp\thetimedungeons\thetimedungeons\x64\debug\room.obj
m:\work\buas\projects\cpp\thetimedungeons\thetimedungeons\x64\debug\mathutils.obj
m:\work\buas\projects\cpp\thetimedungeons\thetimedungeons\x64\debug\inputparser.obj
m:\work\buas\projects\cpp\thetimedungeons\thetimedungeons\x64\debug\gameobject.obj
m:\work\buas\projects\cpp\thetimedungeons\thetimedungeons\x64\debug\enemy.obj
m:\work\buas\projects\cpp\thetimedungeons\thetimedungeons\x64\debug\dungeon.obj
m:\work\buas\projects\cpp\thetimedungeons\thetimedungeons\x64\debug\collisionmanager.obj
m:\work\buas\projects\cpp\thetimedungeons\thetimedungeons\x64\debug\collisiondetection.obj
m:\work\buas\projects\cpp\thetimedungeons\thetimedungeons\x64\debug\collider.obj
m:\work\buas\projects\cpp\thetimedungeons\thetimedungeons\x64\debug\action.obj
m:\work\buas\projects\cpp\thetimedungeons\thetimedungeons\x64\debug\player.obj
m:\work\buas\projects\cpp\thetimedungeons\thetimedungeons\x64\debug\main.obj
m:\work\buas\projects\cpp\thetimedungeons\thetimedungeons\x64\debug\game.obj
m:\work\buas\projects\cpp\thetimedungeons\x64\debug\thetimedungeons.exe
m:\work\buas\projects\cpp\thetimedungeons\thetimedungeons\x64\debug\thetimedungeons.ilk
m:\work\buas\projects\cpp\thetimedungeons\x64\debug\thetimedungeons.pdb
m:\work\buas\projects\cpp\thetimedungeons\x64\debug\sfml-graphics-d-2.dll
m:\work\buas\projects\cpp\thetimedungeons\x64\debug\sfml-window-d-2.dll
m:\work\buas\projects\cpp\thetimedungeons\x64\debug\sfml-system-d-2.dll
m:\work\buas\projects\cpp\thetimedungeons\x64\debug\freetyped.dll
m:\work\buas\projects\cpp\thetimedungeons\x64\debug\zlibd1.dll
m:\work\buas\projects\cpp\thetimedungeons\x64\debug\bz2d.dll
m:\work\buas\projects\cpp\thetimedungeons\x64\debug\libpng16d.dll
m:\work\buas\projects\cpp\thetimedungeons\x64\debug\brotlidec.dll
m:\work\buas\projects\cpp\thetimedungeons\x64\debug\brotlicommon.dll
m:\work\buas\projects\cpp\thetimedungeons\thetimedungeons\x64\debug\gameobject.obj.enc
m:\work\buas\projects\cpp\thetimedungeons\thetimedungeons\x64\debug\thetimedungeons.tlog\cl.command.1.tlog
m:\work\buas\projects\cpp\thetimedungeons\thetimedungeons\x64\debug\thetimedungeons.tlog\cl.items.tlog
m:\work\buas\projects\cpp\thetimedungeons\thetimedungeons\x64\debug\thetimedungeons.tlog\cl.read.1.tlog
m:\work\buas\projects\cpp\thetimedungeons\thetimedungeons\x64\debug\thetimedungeons.tlog\cl.write.1.tlog
m:\work\buas\projects\cpp\thetimedungeons\thetimedungeons\x64\debug\thetimedungeons.tlog\link.command.1.tlog
m:\work\buas\projects\cpp\thetimedungeons\thetimedungeons\x64\debug\thetimedungeons.tlog\link.read.1.tlog
m:\work\buas\projects\cpp\thetimedungeons\thetimedungeons\x64\debug\thetimedungeons.tlog\link.write.1.tlog
m:\work\buas\projects\cpp\thetimedungeons\thetimedungeons\x64\debug\thetimedungeons.tlog\thetimedungeons.write.1u.tlog
